<?xml version="1.0" encoding="UTF-8"?>
<!-- Generated by org.testng.reporters.JUnitReportReporter -->
<testsuite hostname="King" name="TestCases.LoginTest" tests="1" failures="0" timestamp="3 May 2017 10:17:03 GMT" time="17.843" errors="0">
  <testcase name="testlogin" time="17.843" classname="TestCases.LoginTest"/>
</testsuite> <!-- TestCases.LoginTest -->
