<?xml version="1.0" encoding="UTF-8"?>
<!-- Generated by org.testng.reporters.JUnitReportReporter -->
<testsuite hostname="King" name="TestCases.LoginTest" tests="1" failures="0" timestamp="3 May 2017 10:05:36 GMT" time="19.349" errors="0">
  <testcase name="testlogin" time="19.349" classname="TestCases.LoginTest"/>
</testsuite> <!-- TestCases.LoginTest -->
